********************************************************************************************
File: C:\Users\bcampagnola\Documents\L3AV\Jobs\UofA HSIB\SIMPL Repo\ua_hsib_simpl\HSIB Panel Load Script.txt
Section: 320
Connection: auto 10.156.27.35
Started: Monday, June 24, 2019 01:16:28 PM
Elapsed Time: 21 secs
Result: Success
Command for Line  1[Success, 21 secs]: DisplayListSend |PanelFile_Lecture|
Results for Line  1: "DM-DGE-200-C [v1.3781.00028 (December 31 2018), #010A54A9] @E-00107fabfce4"
--------------------------------------------------------------------------------------------
File: C:\Users\bcampagnola\Documents\L3AV\Jobs\UofA HSIB\SIMPL Repo\ua_hsib_simpl\HSIB Panel Load Script.txt
Section: 305
Connection: auto 10.156.27.24
Started: Monday, June 24, 2019 01:16:28 PM
Elapsed Time: 21 secs
Result: Success
Command for Line  1[Success, 21 secs]: DisplayListSend |PanelFile_Lecture|
Results for Line  1: "DM-DGE-200-C [v1.3781.00028 (December 31 2018), #86F20966] @E-00107fa8cebc"
--------------------------------------------------------------------------------------------
File: C:\Users\bcampagnola\Documents\L3AV\Jobs\UofA HSIB\SIMPL Repo\ua_hsib_simpl\HSIB Panel Load Script.txt
Section: 445
Connection: auto 10.156.27.70
Started: Monday, June 24, 2019 01:16:29 PM
Elapsed Time: 21 secs
Result: Success
Command for Line  1[Success, 21 secs]: DisplayListSend |PanelFile_Lecture|
Results for Line  1: "DM-DGE-200-C [v1.3781.00028 (December 31 2018), #86E22557] @E-00107fa8a481"
--------------------------------------------------------------------------------------------
File: C:\Users\bcampagnola\Documents\L3AV\Jobs\UofA HSIB\SIMPL Repo\ua_hsib_simpl\HSIB Panel Load Script.txt
Section: 442
Connection: auto 10.156.27.55
Started: Monday, June 24, 2019 01:16:28 PM
Elapsed Time: 21 secs
Result: Success
Command for Line  1[Success, 21 secs]: DisplayListSend |PanelFile_Lecture|
Results for Line  1: "DM-DGE-200-C [v1.3781.00028 (December 31 2018), #86E232F6] @E-00107f9a02c6"
--------------------------------------------------------------------------------------------
File: C:\Users\bcampagnola\Documents\L3AV\Jobs\UofA HSIB\SIMPL Repo\ua_hsib_simpl\HSIB Panel Load Script.txt
Section: 444
Connection: auto 10.156.27.65
Started: Monday, June 24, 2019 01:16:29 PM
Elapsed Time: 22 secs
Result: Success
Command for Line  1[Success, 22 secs]: DisplayListSend |PanelFile_Lecture|
Results for Line  1: "DM-DGE-200-C [v1.3781.00028 (December 31 2018), #86E220FD] @E-00107fa8a039"
--------------------------------------------------------------------------------------------
File: C:\Users\bcampagnola\Documents\L3AV\Jobs\UofA HSIB\SIMPL Repo\ua_hsib_simpl\HSIB Panel Load Script.txt
Section: 306
Connection: auto 10.156.27.29
Started: Monday, June 24, 2019 01:16:28 PM
Elapsed Time: 22 secs
Result: Success
Command for Line  1[Success, 22 secs]: DisplayListSend |PanelFile_Lecture|
Results for Line  1: "DM-DGE-200-C [v1.3781.00028 (December 31 2018), #86E2328A] @E-00107fa8b35d"
--------------------------------------------------------------------------------------------
File: C:\Users\bcampagnola\Documents\L3AV\Jobs\UofA HSIB\SIMPL Repo\ua_hsib_simpl\HSIB Panel Load Script.txt
Section: 323
Connection: auto 10.156.27.50
Started: Monday, June 24, 2019 01:16:28 PM
Elapsed Time: 23 secs
Result: Success
Command for Line  1[Success, 22 secs]: DisplayListSend |PanelFile_Lecture|
Results for Line  1: "DM-DGE-200-C [v1.3384.00059 (May 30 2018), #86E21C96] @E-00107fa89ab9"
--------------------------------------------------------------------------------------------
File: C:\Users\bcampagnola\Documents\L3AV\Jobs\UofA HSIB\SIMPL Repo\ua_hsib_simpl\HSIB Panel Load Script.txt
Section: 321
Connection: auto 10.156.27.40
Started: Monday, June 24, 2019 01:16:28 PM
Elapsed Time: 23 secs
Result: Success
Command for Line  1[Success, 23 secs]: DisplayListSend |PanelFile_Lecture|
Results for Line  1: "DM-DGE-200-C [v1.3781.00028 (December 31 2018), #86F20962] @E-00107fa8ce3c"
--------------------------------------------------------------------------------------------
File: C:\Users\bcampagnola\Documents\L3AV\Jobs\UofA HSIB\SIMPL Repo\ua_hsib_simpl\HSIB Panel Load Script.txt
Section: 322
Connection: auto 10.156.27.45
Started: Monday, June 24, 2019 01:16:28 PM
Elapsed Time: 24 secs
Result: Success
Command for Line  1[Success, 23 secs]: DisplayListSend |PanelFile_Lecture|
Results for Line  1: "DM-DGE-200-C [v1.3384.00059 (May 30 2018), #86E21679] @E-00107fa893f4"
--------------------------------------------------------------------------------------------
File: C:\Users\bcampagnola\Documents\L3AV\Jobs\UofA HSIB\SIMPL Repo\ua_hsib_simpl\HSIB Panel Load Script.txt
Section: 443
Connection: auto 10.156.27.60
Started: Monday, June 24, 2019 01:16:28 PM
Elapsed Time: 27 secs
Result: Success
Command for Line  1[Success, 27 secs]: DisplayListSend |PanelFile_Lecture|
Results for Line  1: "DM-DGE-200-C [v1.3781.00028 (December 31 2018), #86E21C9B] @E-00107fa89b51"
