********************************************************************************************
File: C:\Users\bcampagnola\Documents\L3AV\Jobs\UofA HSIB\SIMPL Repo\ua_hsib_simpl\HSIB Panel Load Script.txt
Section: 305
Connection: auto 10.156.27.24
Started: Monday, June 24, 2019 01:13:25 PM
Elapsed Time:  1 secs
Result: Success
Command for Line  1[Failure,  1 secs]: DisplayListSend |PanelFile_Lecture|
Error   for Line  1: 	Could not find the file 'C:\Users\bcampagnola\Documents\L3AV\Jobs\UofA HSIB\VTPro\HSIB_Lecture_DGE200_v1.0.77.vtz'. 
--------------------------------------------------------------------------------------------
File: C:\Users\bcampagnola\Documents\L3AV\Jobs\UofA HSIB\SIMPL Repo\ua_hsib_simpl\HSIB Panel Load Script.txt
Section: 442
Connection: auto 10.156.27.55
Started: Monday, June 24, 2019 01:13:25 PM
Elapsed Time:  1 secs
Result: Success
Command for Line  1[Failure,  1 secs]: DisplayListSend |PanelFile_Lecture|
Error   for Line  1: 	Could not find the file 'C:\Users\bcampagnola\Documents\L3AV\Jobs\UofA HSIB\VTPro\HSIB_Lecture_DGE200_v1.0.77.vtz'. 
--------------------------------------------------------------------------------------------
File: C:\Users\bcampagnola\Documents\L3AV\Jobs\UofA HSIB\SIMPL Repo\ua_hsib_simpl\HSIB Panel Load Script.txt
Section: 321
Connection: auto 10.156.27.40
Started: Monday, June 24, 2019 01:13:25 PM
Elapsed Time:  1 secs
Result: Success
Command for Line  1[Failure,  1 secs]: DisplayListSend |PanelFile_Lecture|
Error   for Line  1: 	Could not find the file 'C:\Users\bcampagnola\Documents\L3AV\Jobs\UofA HSIB\VTPro\HSIB_Lecture_DGE200_v1.0.77.vtz'. 
--------------------------------------------------------------------------------------------
File: C:\Users\bcampagnola\Documents\L3AV\Jobs\UofA HSIB\SIMPL Repo\ua_hsib_simpl\HSIB Panel Load Script.txt
Section: 306
Connection: auto 10.156.27.29
Started: Monday, June 24, 2019 01:13:25 PM
Elapsed Time:  1 secs
Result: Success
Command for Line  1[Failure,  1 secs]: DisplayListSend |PanelFile_Lecture|
Error   for Line  1: 	Could not find the file 'C:\Users\bcampagnola\Documents\L3AV\Jobs\UofA HSIB\VTPro\HSIB_Lecture_DGE200_v1.0.77.vtz'. 
--------------------------------------------------------------------------------------------
File: C:\Users\bcampagnola\Documents\L3AV\Jobs\UofA HSIB\SIMPL Repo\ua_hsib_simpl\HSIB Panel Load Script.txt
Section: 320
Connection: auto 10.156.27.35
Started: Monday, June 24, 2019 01:13:25 PM
Elapsed Time:  1 secs
Result: Success
Command for Line  1[Failure,  1 secs]: DisplayListSend |PanelFile_Lecture|
Error   for Line  1: 	Could not find the file 'C:\Users\bcampagnola\Documents\L3AV\Jobs\UofA HSIB\VTPro\HSIB_Lecture_DGE200_v1.0.77.vtz'. 
--------------------------------------------------------------------------------------------
File: C:\Users\bcampagnola\Documents\L3AV\Jobs\UofA HSIB\SIMPL Repo\ua_hsib_simpl\HSIB Panel Load Script.txt
Section: 323
Connection: auto 10.156.27.50
Started: Monday, June 24, 2019 01:13:25 PM
Elapsed Time:  1 secs
Result: Success
Command for Line  1[Failure,  1 secs]: DisplayListSend |PanelFile_Lecture|
Error   for Line  1: 	Could not find the file 'C:\Users\bcampagnola\Documents\L3AV\Jobs\UofA HSIB\VTPro\HSIB_Lecture_DGE200_v1.0.77.vtz'. 
--------------------------------------------------------------------------------------------
File: C:\Users\bcampagnola\Documents\L3AV\Jobs\UofA HSIB\SIMPL Repo\ua_hsib_simpl\HSIB Panel Load Script.txt
Section: 445
Connection: auto 10.156.27.70
Started: Monday, June 24, 2019 01:13:26 PM
Elapsed Time:  1 secs
Result: Success
Command for Line  1[Failure,  1 secs]: DisplayListSend |PanelFile_Lecture|
Error   for Line  1: 	Could not find the file 'C:\Users\bcampagnola\Documents\L3AV\Jobs\UofA HSIB\VTPro\HSIB_Lecture_DGE200_v1.0.77.vtz'. 
--------------------------------------------------------------------------------------------
File: C:\Users\bcampagnola\Documents\L3AV\Jobs\UofA HSIB\SIMPL Repo\ua_hsib_simpl\HSIB Panel Load Script.txt
Section: 322
Connection: auto 10.156.27.45
Started: Monday, June 24, 2019 01:13:25 PM
Elapsed Time:  1 secs
Result: Success
Command for Line  1[Failure,  1 secs]: DisplayListSend |PanelFile_Lecture|
Error   for Line  1: 	Could not find the file 'C:\Users\bcampagnola\Documents\L3AV\Jobs\UofA HSIB\VTPro\HSIB_Lecture_DGE200_v1.0.77.vtz'. 
--------------------------------------------------------------------------------------------
File: C:\Users\bcampagnola\Documents\L3AV\Jobs\UofA HSIB\SIMPL Repo\ua_hsib_simpl\HSIB Panel Load Script.txt
Section: 443
Connection: auto 10.156.27.60
Started: Monday, June 24, 2019 01:13:25 PM
Elapsed Time:  1 secs
Result: Success
Command for Line  1[Failure,  1 secs]: DisplayListSend |PanelFile_Lecture|
Error   for Line  1: 	Could not find the file 'C:\Users\bcampagnola\Documents\L3AV\Jobs\UofA HSIB\VTPro\HSIB_Lecture_DGE200_v1.0.77.vtz'. 
--------------------------------------------------------------------------------------------
File: C:\Users\bcampagnola\Documents\L3AV\Jobs\UofA HSIB\SIMPL Repo\ua_hsib_simpl\HSIB Panel Load Script.txt
Section: 444
Connection: auto 10.156.27.65
Started: Monday, June 24, 2019 01:13:25 PM
Elapsed Time:  1 secs
Result: Success
Command for Line  1[Failure,  1 secs]: DisplayListSend |PanelFile_Lecture|
Error   for Line  1: 	Could not find the file 'C:\Users\bcampagnola\Documents\L3AV\Jobs\UofA HSIB\VTPro\HSIB_Lecture_DGE200_v1.0.77.vtz'. 
