********************************************************************************************
File: C:\Users\bcampagnola\Documents\L3AV\Jobs\UofA HSIB\SIMPL Repo\ua_hsib_simpl\HSIB Panel Load Script.txt
Section: 321
Connection: auto 10.156.27.40
Started: Wednesday, July 10, 2019 07:37:21 PM
Elapsed Time: 19 secs
Result: Success
Command for Line  1[Success, 19 secs]: DisplayListSend |PanelFile_Lecture|
Results for Line  1: "DM-DGE-200-C [v1.3781.00028 (December 31 2018), #86F20962] @E-00107fa8ce3c"
--------------------------------------------------------------------------------------------
File: C:\Users\bcampagnola\Documents\L3AV\Jobs\UofA HSIB\SIMPL Repo\ua_hsib_simpl\HSIB Panel Load Script.txt
Section: 320
Connection: auto 10.156.27.35
Started: Wednesday, July 10, 2019 07:37:21 PM
Elapsed Time: 22 secs
Result: Success
Command for Line  1[Success, 22 secs]: DisplayListSend |PanelFile_Lecture|
Results for Line  1: "DM-DGE-200-C [v1.3781.00028 (December 31 2018), #010A54A9] @E-00107fabfce4"
--------------------------------------------------------------------------------------------
File: C:\Users\bcampagnola\Documents\L3AV\Jobs\UofA HSIB\SIMPL Repo\ua_hsib_simpl\HSIB Panel Load Script.txt
Section: 306
Connection: auto 10.156.27.29
Started: Wednesday, July 10, 2019 07:37:26 PM
Elapsed Time: 20 secs
Result: Success
Command for Line  1[Success, 20 secs]: DisplayListSend |PanelFile_Lecture|
Results for Line  1: "DM-DGE-200-C [v1.3781.00028 (December 31 2018), #86E2328A] @E-00107fa8b35d"
--------------------------------------------------------------------------------------------
File: C:\Users\bcampagnola\Documents\L3AV\Jobs\UofA HSIB\SIMPL Repo\ua_hsib_simpl\HSIB Panel Load Script.txt
Section: 322
Connection: auto 10.156.27.45
Started: Wednesday, July 10, 2019 07:37:19 PM
Elapsed Time: 27 secs
Result: Success
Command for Line  1[Success, 27 secs]: DisplayListSend |PanelFile_Lecture|
Results for Line  1: "DM-DGE-200-C [v1.3384.00059 (May 30 2018), #86E21679] @E-00107fa893f4"
--------------------------------------------------------------------------------------------
File: C:\Users\bcampagnola\Documents\L3AV\Jobs\UofA HSIB\SIMPL Repo\ua_hsib_simpl\HSIB Panel Load Script.txt
Section: 305
Connection: auto 10.156.27.24
Started: Wednesday, July 10, 2019 07:37:27 PM
Elapsed Time: 20 secs
Result: Success
Command for Line  1[Success, 20 secs]: DisplayListSend |PanelFile_Lecture|
Results for Line  1: "DM-DGE-200-C [v1.3781.00028 (December 31 2018), #86F20966] @E-00107fa8cebc"
